7月 05, 2025 8:34:58 下午 com.example.slicer.SliceExecutor executeSlice
信息: Starting slice execution for file: mutated\Example_mutated_0.java
7月 05, 2025 8:34:58 下午 com.example.slicer.SliceExecutor executeSlice
信息: Found variable for slicing: val1 at line 24
7月 05, 2025 8:34:58 下午 com.example.slicer.SliceExecutor executeSlice
信息: Executing command: java -jar src/main/java/sdg-cli-1.3.0-jar-with-dependencies.jar -c mutated\Example_mutated_0.java#24:val1
7月 05, 2025 8:34:59 下午 com.example.slicer.SliceExecutor executeSlice
信息: Tool output: 7?? 05, 2025 8:34:59 ???? es.upv.mist.slicing.cli.Slicer slice
7月 05, 2025 8:34:59 下午 com.example.slicer.SliceExecutor executeSlice
信息: Tool output: ???: Configuring JavaParser
7月 05, 2025 8:34:59 下午 com.example.slicer.SliceExecutor executeSlice
信息: Tool output: 7?? 05, 2025 8:34:59 ???? es.upv.mist.slicing.cli.Slicer slice
7月 05, 2025 8:34:59 下午 com.example.slicer.SliceExecutor executeSlice
信息: Tool output: ???: Parsing files
7月 05, 2025 8:34:59 下午 com.example.slicer.SliceExecutor executeSlice
信息: Tool output: 7?? 05, 2025 8:34:59 ???? es.upv.mist.slicing.cli.Slicer slice
7月 05, 2025 8:34:59 下午 com.example.slicer.SliceExecutor executeSlice
信息: Tool output: ???: Building the SDG
7月 05, 2025 8:34:59 下午 com.example.slicer.SliceExecutor executeSlice
信息: Tool output: 7?? 05, 2025 8:34:59 ???? es.upv.mist.slicing.cli.Slicer slice
7月 05, 2025 8:34:59 下午 com.example.slicer.SliceExecutor executeSlice
信息: Tool output: ???: Searching for criterion and slicing
7月 05, 2025 8:34:59 下午 com.example.slicer.SliceExecutor executeSlice
信息: Tool output: 7?? 05, 2025 8:34:59 ???? es.upv.mist.slicing.cli.Slicer slice
7月 05, 2025 8:34:59 下午 com.example.slicer.SliceExecutor executeSlice
信息: Tool output: ???: Printing slice to files
7月 05, 2025 8:34:59 下午 com.example.slicer.SliceExecutor executeSlice
信息: Tool output: 7?? 05, 2025 8:34:59 ???? es.upv.mist.slicing.cli.Slicer slice
7月 05, 2025 8:34:59 下午 com.example.slicer.SliceExecutor executeSlice
信息: Tool output: ???: Printing slice for Example_mutated_0.java
7月 05, 2025 8:34:59 下午 com.example.slicer.SliceExecutor executeSliceWithVariable
信息: Starting slice execution for file: renamed\Example_renamed_0.java with variable: va_4 at line: 24
7月 05, 2025 8:34:59 下午 com.example.slicer.SliceExecutor executeSliceWithVariable
信息: Using specified variable for slicing: va_4 at line 24
7月 05, 2025 8:34:59 下午 com.example.slicer.SliceExecutor executeSliceWithVariable
信息: Executing command: java -jar src/main/java/sdg-cli-1.3.0-jar-with-dependencies.jar -c renamed\Example_renamed_0.java#24:va_4
7月 05, 2025 8:34:59 下午 com.example.slicer.SliceExecutor executeSliceWithVariable
信息: Tool output: 7?? 05, 2025 8:34:59 ???? es.upv.mist.slicing.cli.Slicer slice
7月 05, 2025 8:34:59 下午 com.example.slicer.SliceExecutor executeSliceWithVariable
信息: Tool output: ???: Configuring JavaParser
7月 05, 2025 8:34:59 下午 com.example.slicer.SliceExecutor executeSliceWithVariable
信息: Tool output: 7?? 05, 2025 8:34:59 ???? es.upv.mist.slicing.cli.Slicer slice
7月 05, 2025 8:34:59 下午 com.example.slicer.SliceExecutor executeSliceWithVariable
信息: Tool output: ???: Parsing files
7月 05, 2025 8:35:00 下午 com.example.slicer.SliceExecutor executeSliceWithVariable
信息: Tool output: 7?? 05, 2025 8:35:00 ???? es.upv.mist.slicing.cli.Slicer slice
7月 05, 2025 8:35:00 下午 com.example.slicer.SliceExecutor executeSliceWithVariable
信息: Tool output: ???: Building the SDG
7月 05, 2025 8:35:00 下午 com.example.slicer.SliceExecutor executeSliceWithVariable
信息: Tool output: 7?? 05, 2025 8:35:00 ???? es.upv.mist.slicing.cli.Slicer slice
7月 05, 2025 8:35:00 下午 com.example.slicer.SliceExecutor executeSliceWithVariable
信息: Tool output: ???: Searching for criterion and slicing
7月 05, 2025 8:35:00 下午 com.example.slicer.SliceExecutor executeSliceWithVariable
信息: Tool output: 7?? 05, 2025 8:35:00 ???? es.upv.mist.slicing.cli.Slicer slice
7月 05, 2025 8:35:00 下午 com.example.slicer.SliceExecutor executeSliceWithVariable
信息: Tool output: ???: Printing slice to files
7月 05, 2025 8:35:00 下午 com.example.slicer.SliceExecutor executeSliceWithVariable
信息: Tool output: 7?? 05, 2025 8:35:00 ???? es.upv.mist.slicing.cli.Slicer slice
7月 05, 2025 8:35:00 下午 com.example.slicer.SliceExecutor executeSliceWithVariable
信息: Tool output: ???: Printing slice for Example_renamed_0.java
7月 05, 2025 8:35:05 下午 com.example.slicer.SliceExecutor executeSliceWithVariable
信息: Starting slice execution for file: mutated\Example_mutated_0.java with variable: val1 at line: 24
7月 05, 2025 8:35:05 下午 com.example.slicer.SliceExecutor executeSliceWithVariable
信息: Using specified variable for slicing: val1 at line 24
7月 05, 2025 8:35:05 下午 com.example.slicer.SliceExecutor executeSliceWithVariable
信息: Executing command: java -jar src/main/java/sdg-cli-1.3.0-jar-with-dependencies.jar -c mutated\Example_mutated_0.java#24:val1
7月 05, 2025 8:35:06 下午 com.example.slicer.SliceExecutor executeSliceWithVariable
信息: Tool output: 7?? 05, 2025 8:35:06 ???? es.upv.mist.slicing.cli.Slicer slice
7月 05, 2025 8:35:06 下午 com.example.slicer.SliceExecutor executeSliceWithVariable
信息: Tool output: ???: Configuring JavaParser
7月 05, 2025 8:35:06 下午 com.example.slicer.SliceExecutor executeSliceWithVariable
信息: Tool output: 7?? 05, 2025 8:35:06 ???? es.upv.mist.slicing.cli.Slicer slice
7月 05, 2025 8:35:06 下午 com.example.slicer.SliceExecutor executeSliceWithVariable
信息: Tool output: ???: Parsing files
7月 05, 2025 8:35:06 下午 com.example.slicer.SliceExecutor executeSliceWithVariable
信息: Tool output: 7?? 05, 2025 8:35:06 ???? es.upv.mist.slicing.cli.Slicer slice
7月 05, 2025 8:35:06 下午 com.example.slicer.SliceExecutor executeSliceWithVariable
信息: Tool output: ???: Building the SDG
7月 05, 2025 8:35:06 下午 com.example.slicer.SliceExecutor executeSliceWithVariable
信息: Tool output: 7?? 05, 2025 8:35:06 ???? es.upv.mist.slicing.cli.Slicer slice
7月 05, 2025 8:35:06 下午 com.example.slicer.SliceExecutor executeSliceWithVariable
信息: Tool output: ???: Searching for criterion and slicing
7月 05, 2025 8:35:06 下午 com.example.slicer.SliceExecutor executeSliceWithVariable
信息: Tool output: 7?? 05, 2025 8:35:06 ???? es.upv.mist.slicing.cli.Slicer slice
7月 05, 2025 8:35:06 下午 com.example.slicer.SliceExecutor executeSliceWithVariable
信息: Tool output: ???: Printing slice to files
7月 05, 2025 8:35:06 下午 com.example.slicer.SliceExecutor executeSliceWithVariable
信息: Tool output: 7?? 05, 2025 8:35:06 ???? es.upv.mist.slicing.cli.Slicer slice
7月 05, 2025 8:35:06 下午 com.example.slicer.SliceExecutor executeSliceWithVariable
信息: Tool output: ???: Printing slice for Example_mutated_0.java
7月 05, 2025 8:35:06 下午 com.example.slicer.SliceExecutor executeSliceWithVariable
信息: Starting slice execution for file: deadcode\Example_deadcode_0.java with variable: val1 at line: 30
7月 05, 2025 8:35:06 下午 com.example.slicer.SliceExecutor executeSliceWithVariable
信息: Using specified variable for slicing: val1 at line 30
7月 05, 2025 8:35:06 下午 com.example.slicer.SliceExecutor executeSliceWithVariable
信息: Executing command: java -jar src/main/java/sdg-cli-1.3.0-jar-with-dependencies.jar -c deadcode\Example_deadcode_0.java#30:val1
7月 05, 2025 8:35:07 下午 com.example.slicer.SliceExecutor executeSliceWithVariable
信息: Tool output: 7?? 05, 2025 8:35:07 ???? es.upv.mist.slicing.cli.Slicer slice
7月 05, 2025 8:35:07 下午 com.example.slicer.SliceExecutor executeSliceWithVariable
信息: Tool output: ???: Configuring JavaParser
7月 05, 2025 8:35:07 下午 com.example.slicer.SliceExecutor executeSliceWithVariable
信息: Tool output: 7?? 05, 2025 8:35:07 ???? es.upv.mist.slicing.cli.Slicer slice
7月 05, 2025 8:35:07 下午 com.example.slicer.SliceExecutor executeSliceWithVariable
信息: Tool output: ???: Parsing files
7月 05, 2025 8:35:07 下午 com.example.slicer.SliceExecutor executeSliceWithVariable
信息: Tool output: 7?? 05, 2025 8:35:07 ???? es.upv.mist.slicing.cli.Slicer slice
7月 05, 2025 8:35:07 下午 com.example.slicer.SliceExecutor executeSliceWithVariable
信息: Tool output: ???: Building the SDG
7月 05, 2025 8:35:07 下午 com.example.slicer.SliceExecutor executeSliceWithVariable
信息: Tool output: 7?? 05, 2025 8:35:07 ???? es.upv.mist.slicing.cli.Slicer slice
7月 05, 2025 8:35:07 下午 com.example.slicer.SliceExecutor executeSliceWithVariable
信息: Tool output: ???: Searching for criterion and slicing
7月 05, 2025 8:35:07 下午 com.example.slicer.SliceExecutor executeSliceWithVariable
信息: Tool output: 7?? 05, 2025 8:35:07 ???? es.upv.mist.slicing.cli.Slicer slice
7月 05, 2025 8:35:07 下午 com.example.slicer.SliceExecutor executeSliceWithVariable
信息: Tool output: ???: Printing slice to files
7月 05, 2025 8:35:07 下午 com.example.slicer.SliceExecutor executeSliceWithVariable
信息: Tool output: 7?? 05, 2025 8:35:07 ???? es.upv.mist.slicing.cli.Slicer slice
7月 05, 2025 8:35:07 下午 com.example.slicer.SliceExecutor executeSliceWithVariable
信息: Tool output: ???: Printing slice for Example_deadcode_0.java
7月 05, 2025 8:35:12 下午 com.example.slicer.SliceExecutor executeSliceWithVariable
信息: Starting slice execution for file: mutated\Example_original_0.java with variable: val1 at line: 24
7月 05, 2025 8:35:12 下午 com.example.slicer.SliceExecutor executeSliceWithVariable
信息: Using specified variable for slicing: val1 at line 24
7月 05, 2025 8:35:12 下午 com.example.slicer.SliceExecutor executeSliceWithVariable
信息: Executing command: java -jar src/main/java/sdg-cli-1.3.0-jar-with-dependencies.jar -c mutated\Example_original_0.java#24:val1
7月 05, 2025 8:35:12 下午 com.example.slicer.SliceExecutor executeSliceWithVariable
信息: Tool output: 7?? 05, 2025 8:35:12 ???? es.upv.mist.slicing.cli.Slicer slice
7月 05, 2025 8:35:12 下午 com.example.slicer.SliceExecutor executeSliceWithVariable
信息: Tool output: ???: Configuring JavaParser
7月 05, 2025 8:35:12 下午 com.example.slicer.SliceExecutor executeSliceWithVariable
信息: Tool output: 7?? 05, 2025 8:35:12 ???? es.upv.mist.slicing.cli.Slicer slice
7月 05, 2025 8:35:12 下午 com.example.slicer.SliceExecutor executeSliceWithVariable
信息: Tool output: ???: Parsing files
7月 05, 2025 8:35:13 下午 com.example.slicer.SliceExecutor executeSliceWithVariable
信息: Tool output: 7?? 05, 2025 8:35:13 ???? es.upv.mist.slicing.cli.Slicer slice
7月 05, 2025 8:35:13 下午 com.example.slicer.SliceExecutor executeSliceWithVariable
信息: Tool output: ???: Building the SDG
7月 05, 2025 8:35:13 下午 com.example.slicer.SliceExecutor executeSliceWithVariable
信息: Tool output: 7?? 05, 2025 8:35:13 ???? es.upv.mist.slicing.cli.Slicer slice
7月 05, 2025 8:35:13 下午 com.example.slicer.SliceExecutor executeSliceWithVariable
信息: Tool output: ???: Searching for criterion and slicing
7月 05, 2025 8:35:13 下午 com.example.slicer.SliceExecutor executeSliceWithVariable
信息: Tool output: 7?? 05, 2025 8:35:13 ???? es.upv.mist.slicing.cli.Slicer slice
7月 05, 2025 8:35:13 下午 com.example.slicer.SliceExecutor executeSliceWithVariable
信息: Tool output: ???: Printing slice to files
7月 05, 2025 8:35:13 下午 com.example.slicer.SliceExecutor executeSliceWithVariable
信息: Tool output: 7?? 05, 2025 8:35:13 ???? es.upv.mist.slicing.cli.Slicer slice
7月 05, 2025 8:35:13 下午 com.example.slicer.SliceExecutor executeSliceWithVariable
信息: Tool output: ???: Printing slice for Example_original_0.java
7月 05, 2025 8:35:13 下午 com.example.slicer.SliceExecutor executeSliceWithVariable
信息: Starting slice execution for file: reordered\Example_reordered_0.java with variable: val1 at line: 25
7月 05, 2025 8:35:13 下午 com.example.slicer.SliceExecutor executeSliceWithVariable
信息: Using specified variable for slicing: val1 at line 25
7月 05, 2025 8:35:13 下午 com.example.slicer.SliceExecutor executeSliceWithVariable
信息: Executing command: java -jar src/main/java/sdg-cli-1.3.0-jar-with-dependencies.jar -c reordered\Example_reordered_0.java#25:val1
7月 05, 2025 8:35:13 下午 com.example.slicer.SliceExecutor executeSliceWithVariable
信息: Tool output: 7?? 05, 2025 8:35:13 ???? es.upv.mist.slicing.cli.Slicer slice
7月 05, 2025 8:35:13 下午 com.example.slicer.SliceExecutor executeSliceWithVariable
信息: Tool output: ???: Configuring JavaParser
7月 05, 2025 8:35:13 下午 com.example.slicer.SliceExecutor executeSliceWithVariable
信息: Tool output: 7?? 05, 2025 8:35:13 ???? es.upv.mist.slicing.cli.Slicer slice
7月 05, 2025 8:35:13 下午 com.example.slicer.SliceExecutor executeSliceWithVariable
信息: Tool output: ???: Parsing files
7月 05, 2025 8:35:13 下午 com.example.slicer.SliceExecutor executeSliceWithVariable
信息: Tool output: 7?? 05, 2025 8:35:13 ???? es.upv.mist.slicing.cli.Slicer slice
7月 05, 2025 8:35:13 下午 com.example.slicer.SliceExecutor executeSliceWithVariable
信息: Tool output: ???: Building the SDG
7月 05, 2025 8:35:14 下午 com.example.slicer.SliceExecutor executeSliceWithVariable
信息: Tool output: 7?? 05, 2025 8:35:14 ???? es.upv.mist.slicing.cli.Slicer slice
7月 05, 2025 8:35:14 下午 com.example.slicer.SliceExecutor executeSliceWithVariable
信息: Tool output: ???: Searching for criterion and slicing
7月 05, 2025 8:35:14 下午 com.example.slicer.SliceExecutor executeSliceWithVariable
信息: Tool output: 7?? 05, 2025 8:35:14 ???? es.upv.mist.slicing.cli.Slicer slice
7月 05, 2025 8:35:14 下午 com.example.slicer.SliceExecutor executeSliceWithVariable
信息: Tool output: ???: Printing slice to files
7月 05, 2025 8:35:14 下午 com.example.slicer.SliceExecutor executeSliceWithVariable
信息: Tool output: 7?? 05, 2025 8:35:14 ???? es.upv.mist.slicing.cli.Slicer slice
7月 05, 2025 8:35:14 下午 com.example.slicer.SliceExecutor executeSliceWithVariable
信息: Tool output: ???: Printing slice for Example_reordered_0.java
7月 05, 2025 8:35:20 下午 com.example.slicer.SliceExecutor executeSliceWithVariable
信息: Starting slice execution for file: mutated\Example_mutated_0.java with variable: val1 at line: 24
7月 05, 2025 8:35:20 下午 com.example.slicer.SliceExecutor executeSliceWithVariable
信息: Using specified variable for slicing: val1 at line 24
7月 05, 2025 8:35:20 下午 com.example.slicer.SliceExecutor executeSliceWithVariable
信息: Executing command: java -jar src/main/java/sdg-cli-1.3.0-jar-with-dependencies.jar -c mutated\Example_mutated_0.java#24:val1
7月 05, 2025 8:35:20 下午 com.example.slicer.SliceExecutor executeSliceWithVariable
信息: Tool output: 7?? 05, 2025 8:35:20 ???? es.upv.mist.slicing.cli.Slicer slice
7月 05, 2025 8:35:20 下午 com.example.slicer.SliceExecutor executeSliceWithVariable
信息: Tool output: ???: Configuring JavaParser
7月 05, 2025 8:35:20 下午 com.example.slicer.SliceExecutor executeSliceWithVariable
信息: Tool output: 7?? 05, 2025 8:35:20 ???? es.upv.mist.slicing.cli.Slicer slice
7月 05, 2025 8:35:20 下午 com.example.slicer.SliceExecutor executeSliceWithVariable
信息: Tool output: ???: Parsing files
7月 05, 2025 8:35:20 下午 com.example.slicer.SliceExecutor executeSliceWithVariable
信息: Tool output: 7?? 05, 2025 8:35:20 ???? es.upv.mist.slicing.cli.Slicer slice
7月 05, 2025 8:35:20 下午 com.example.slicer.SliceExecutor executeSliceWithVariable
信息: Tool output: ???: Building the SDG
7月 05, 2025 8:35:20 下午 com.example.slicer.SliceExecutor executeSliceWithVariable
信息: Tool output: 7?? 05, 2025 8:35:20 ???? es.upv.mist.slicing.cli.Slicer slice
7月 05, 2025 8:35:20 下午 com.example.slicer.SliceExecutor executeSliceWithVariable
信息: Tool output: ???: Searching for criterion and slicing
7月 05, 2025 8:35:20 下午 com.example.slicer.SliceExecutor executeSliceWithVariable
信息: Tool output: 7?? 05, 2025 8:35:20 ???? es.upv.mist.slicing.cli.Slicer slice
7月 05, 2025 8:35:20 下午 com.example.slicer.SliceExecutor executeSliceWithVariable
信息: Tool output: ???: Printing slice to files
7月 05, 2025 8:35:20 下午 com.example.slicer.SliceExecutor executeSliceWithVariable
信息: Tool output: 7?? 05, 2025 8:35:20 ???? es.upv.mist.slicing.cli.Slicer slice
7月 05, 2025 8:35:20 下午 com.example.slicer.SliceExecutor executeSliceWithVariable
信息: Tool output: ???: Printing slice for Example_mutated_0.java
7月 05, 2025 8:35:20 下午 com.example.slicer.SliceExecutor executeSliceWithVariable
信息: Starting slice execution for file: controlflow\Example_controlflow_0.java with variable: val1 at line: 27
7月 05, 2025 8:35:20 下午 com.example.slicer.SliceExecutor executeSliceWithVariable
信息: Using specified variable for slicing: val1 at line 27
7月 05, 2025 8:35:20 下午 com.example.slicer.SliceExecutor executeSliceWithVariable
信息: Executing command: java -jar src/main/java/sdg-cli-1.3.0-jar-with-dependencies.jar -c controlflow\Example_controlflow_0.java#27:val1
7月 05, 2025 8:35:21 下午 com.example.slicer.SliceExecutor executeSliceWithVariable
信息: Tool output: 7?? 05, 2025 8:35:21 ???? es.upv.mist.slicing.cli.Slicer slice
7月 05, 2025 8:35:21 下午 com.example.slicer.SliceExecutor executeSliceWithVariable
信息: Tool output: ???: Configuring JavaParser
7月 05, 2025 8:35:21 下午 com.example.slicer.SliceExecutor executeSliceWithVariable
信息: Tool output: 7?? 05, 2025 8:35:21 ???? es.upv.mist.slicing.cli.Slicer slice
7月 05, 2025 8:35:21 下午 com.example.slicer.SliceExecutor executeSliceWithVariable
信息: Tool output: ???: Parsing files
7月 05, 2025 8:35:21 下午 com.example.slicer.SliceExecutor executeSliceWithVariable
信息: Tool output: 7?? 05, 2025 8:35:21 ???? es.upv.mist.slicing.cli.Slicer slice
7月 05, 2025 8:35:21 下午 com.example.slicer.SliceExecutor executeSliceWithVariable
信息: Tool output: ???: Building the SDG
7月 05, 2025 8:35:21 下午 com.example.slicer.SliceExecutor executeSliceWithVariable
信息: Tool output: 7?? 05, 2025 8:35:21 ???? es.upv.mist.slicing.cli.Slicer slice
7月 05, 2025 8:35:21 下午 com.example.slicer.SliceExecutor executeSliceWithVariable
信息: Tool output: ???: Searching for criterion and slicing
7月 05, 2025 8:35:21 下午 com.example.slicer.SliceExecutor executeSliceWithVariable
信息: Tool output: 7?? 05, 2025 8:35:21 ???? es.upv.mist.slicing.cli.Slicer slice
7月 05, 2025 8:35:21 下午 com.example.slicer.SliceExecutor executeSliceWithVariable
信息: Tool output: ???: Printing slice to files
7月 05, 2025 8:35:21 下午 com.example.slicer.SliceExecutor executeSliceWithVariable
信息: Tool output: 7?? 05, 2025 8:35:21 ???? es.upv.mist.slicing.cli.Slicer slice
7月 05, 2025 8:35:21 下午 com.example.slicer.SliceExecutor executeSliceWithVariable
信息: Tool output: ???: Printing slice for Example_controlflow_0.java
7月 05, 2025 8:35:27 下午 com.example.slicer.SliceExecutor executeSliceWithVariable
信息: Starting slice execution for file: mutated\Example_mutated_0.java with variable: val1 at line: 24
7月 05, 2025 8:35:27 下午 com.example.slicer.SliceExecutor executeSliceWithVariable
信息: Using specified variable for slicing: val1 at line 24
7月 05, 2025 8:35:27 下午 com.example.slicer.SliceExecutor executeSliceWithVariable
信息: Executing command: java -jar src/main/java/sdg-cli-1.3.0-jar-with-dependencies.jar -c mutated\Example_mutated_0.java#24:val1
7月 05, 2025 8:35:27 下午 com.example.slicer.SliceExecutor executeSliceWithVariable
信息: Tool output: 7?? 05, 2025 8:35:27 ???? es.upv.mist.slicing.cli.Slicer slice
7月 05, 2025 8:35:27 下午 com.example.slicer.SliceExecutor executeSliceWithVariable
信息: Tool output: ???: Configuring JavaParser
7月 05, 2025 8:35:27 下午 com.example.slicer.SliceExecutor executeSliceWithVariable
信息: Tool output: 7?? 05, 2025 8:35:27 ???? es.upv.mist.slicing.cli.Slicer slice
7月 05, 2025 8:35:27 下午 com.example.slicer.SliceExecutor executeSliceWithVariable
信息: Tool output: ???: Parsing files
7月 05, 2025 8:35:27 下午 com.example.slicer.SliceExecutor executeSliceWithVariable
信息: Tool output: 7?? 05, 2025 8:35:27 ???? es.upv.mist.slicing.cli.Slicer slice
7月 05, 2025 8:35:27 下午 com.example.slicer.SliceExecutor executeSliceWithVariable
信息: Tool output: ???: Building the SDG
7月 05, 2025 8:35:27 下午 com.example.slicer.SliceExecutor executeSliceWithVariable
信息: Tool output: 7?? 05, 2025 8:35:27 ???? es.upv.mist.slicing.cli.Slicer slice
7月 05, 2025 8:35:27 下午 com.example.slicer.SliceExecutor executeSliceWithVariable
信息: Tool output: ???: Searching for criterion and slicing
7月 05, 2025 8:35:27 下午 com.example.slicer.SliceExecutor executeSliceWithVariable
信息: Tool output: 7?? 05, 2025 8:35:27 ???? es.upv.mist.slicing.cli.Slicer slice
7月 05, 2025 8:35:27 下午 com.example.slicer.SliceExecutor executeSliceWithVariable
信息: Tool output: ???: Printing slice to files
7月 05, 2025 8:35:27 下午 com.example.slicer.SliceExecutor executeSliceWithVariable
信息: Tool output: 7?? 05, 2025 8:35:27 ???? es.upv.mist.slicing.cli.Slicer slice
7月 05, 2025 8:35:27 下午 com.example.slicer.SliceExecutor executeSliceWithVariable
信息: Tool output: ???: Printing slice for Example_mutated_0.java
7月 05, 2025 8:35:27 下午 com.example.slicer.SliceExecutor executeSliceWithVariable
信息: Starting slice execution for file: controlflow\Example_controlflow_0.java with variable: val1 at line: 27
7月 05, 2025 8:35:27 下午 com.example.slicer.SliceExecutor executeSliceWithVariable
信息: Using specified variable for slicing: val1 at line 27
7月 05, 2025 8:35:27 下午 com.example.slicer.SliceExecutor executeSliceWithVariable
信息: Executing command: java -jar src/main/java/sdg-cli-1.3.0-jar-with-dependencies.jar -c controlflow\Example_controlflow_0.java#27:val1
7月 05, 2025 8:35:28 下午 com.example.slicer.SliceExecutor executeSliceWithVariable
信息: Tool output: 7?? 05, 2025 8:35:28 ???? es.upv.mist.slicing.cli.Slicer slice
7月 05, 2025 8:35:28 下午 com.example.slicer.SliceExecutor executeSliceWithVariable
信息: Tool output: ???: Configuring JavaParser
7月 05, 2025 8:35:28 下午 com.example.slicer.SliceExecutor executeSliceWithVariable
信息: Tool output: 7?? 05, 2025 8:35:28 ???? es.upv.mist.slicing.cli.Slicer slice
7月 05, 2025 8:35:28 下午 com.example.slicer.SliceExecutor executeSliceWithVariable
信息: Tool output: ???: Parsing files
7月 05, 2025 8:35:28 下午 com.example.slicer.SliceExecutor executeSliceWithVariable
信息: Tool output: 7?? 05, 2025 8:35:28 ???? es.upv.mist.slicing.cli.Slicer slice
7月 05, 2025 8:35:28 下午 com.example.slicer.SliceExecutor executeSliceWithVariable
信息: Tool output: ???: Building the SDG
7月 05, 2025 8:35:28 下午 com.example.slicer.SliceExecutor executeSliceWithVariable
信息: Tool output: 7?? 05, 2025 8:35:28 ???? es.upv.mist.slicing.cli.Slicer slice
7月 05, 2025 8:35:28 下午 com.example.slicer.SliceExecutor executeSliceWithVariable
信息: Tool output: ???: Searching for criterion and slicing
7月 05, 2025 8:35:28 下午 com.example.slicer.SliceExecutor executeSliceWithVariable
信息: Tool output: 7?? 05, 2025 8:35:28 ???? es.upv.mist.slicing.cli.Slicer slice
7月 05, 2025 8:35:28 下午 com.example.slicer.SliceExecutor executeSliceWithVariable
信息: Tool output: ???: Printing slice to files
7月 05, 2025 8:35:28 下午 com.example.slicer.SliceExecutor executeSliceWithVariable
信息: Tool output: 7?? 05, 2025 8:35:28 ???? es.upv.mist.slicing.cli.Slicer slice
7月 05, 2025 8:35:28 下午 com.example.slicer.SliceExecutor executeSliceWithVariable
信息: Tool output: ???: Printing slice for Example_controlflow_0.java
7月 05, 2025 8:35:28 下午 com.example.slicer.SliceExecutor executeSliceWithVariable
信息: Starting slice execution for file: mutated\Example_mutated_1.java with variable: val1 at line: 24
7月 05, 2025 8:35:28 下午 com.example.slicer.SliceExecutor executeSliceWithVariable
信息: Using specified variable for slicing: val1 at line 24
7月 05, 2025 8:35:28 下午 com.example.slicer.SliceExecutor executeSliceWithVariable
信息: Executing command: java -jar src/main/java/sdg-cli-1.3.0-jar-with-dependencies.jar -c mutated\Example_mutated_1.java#24:val1
7月 05, 2025 8:35:29 下午 com.example.slicer.SliceExecutor executeSliceWithVariable
信息: Tool output: 7?? 05, 2025 8:35:29 ???? es.upv.mist.slicing.cli.Slicer slice
7月 05, 2025 8:35:29 下午 com.example.slicer.SliceExecutor executeSliceWithVariable
信息: Tool output: ???: Configuring JavaParser
7月 05, 2025 8:35:29 下午 com.example.slicer.SliceExecutor executeSliceWithVariable
信息: Tool output: 7?? 05, 2025 8:35:29 ???? es.upv.mist.slicing.cli.Slicer slice
7月 05, 2025 8:35:29 下午 com.example.slicer.SliceExecutor executeSliceWithVariable
信息: Tool output: ???: Parsing files
7月 05, 2025 8:35:29 下午 com.example.slicer.SliceExecutor executeSliceWithVariable
信息: Tool output: 7?? 05, 2025 8:35:29 ???? es.upv.mist.slicing.cli.Slicer slice
7月 05, 2025 8:35:29 下午 com.example.slicer.SliceExecutor executeSliceWithVariable
信息: Tool output: ???: Building the SDG
7月 05, 2025 8:35:29 下午 com.example.slicer.SliceExecutor executeSliceWithVariable
信息: Tool output: 7?? 05, 2025 8:35:29 ???? es.upv.mist.slicing.cli.Slicer slice
7月 05, 2025 8:35:29 下午 com.example.slicer.SliceExecutor executeSliceWithVariable
信息: Tool output: ???: Searching for criterion and slicing
7月 05, 2025 8:35:29 下午 com.example.slicer.SliceExecutor executeSliceWithVariable
信息: Tool output: 7?? 05, 2025 8:35:29 ???? es.upv.mist.slicing.cli.Slicer slice
7月 05, 2025 8:35:29 下午 com.example.slicer.SliceExecutor executeSliceWithVariable
信息: Tool output: ???: Printing slice to files
7月 05, 2025 8:35:29 下午 com.example.slicer.SliceExecutor executeSliceWithVariable
信息: Tool output: 7?? 05, 2025 8:35:29 ???? es.upv.mist.slicing.cli.Slicer slice
7月 05, 2025 8:35:29 下午 com.example.slicer.SliceExecutor executeSliceWithVariable
信息: Tool output: ???: Printing slice for Example_mutated_1.java
7月 05, 2025 8:35:29 下午 com.example.slicer.SliceExecutor executeSliceWithVariable
信息: Starting slice execution for file: controlflow\Example_controlflow_1.java with variable: val1 at line: 27
7月 05, 2025 8:35:29 下午 com.example.slicer.SliceExecutor executeSliceWithVariable
信息: Using specified variable for slicing: val1 at line 27
7月 05, 2025 8:35:29 下午 com.example.slicer.SliceExecutor executeSliceWithVariable
信息: Executing command: java -jar src/main/java/sdg-cli-1.3.0-jar-with-dependencies.jar -c controlflow\Example_controlflow_1.java#27:val1
7月 05, 2025 8:35:30 下午 com.example.slicer.SliceExecutor executeSliceWithVariable
信息: Tool output: 7?? 05, 2025 8:35:29 ???? es.upv.mist.slicing.cli.Slicer slice
7月 05, 2025 8:35:30 下午 com.example.slicer.SliceExecutor executeSliceWithVariable
信息: Tool output: ???: Configuring JavaParser
7月 05, 2025 8:35:30 下午 com.example.slicer.SliceExecutor executeSliceWithVariable
信息: Tool output: 7?? 05, 2025 8:35:30 ???? es.upv.mist.slicing.cli.Slicer slice
7月 05, 2025 8:35:30 下午 com.example.slicer.SliceExecutor executeSliceWithVariable
信息: Tool output: ???: Parsing files
7月 05, 2025 8:35:30 下午 com.example.slicer.SliceExecutor executeSliceWithVariable
信息: Tool output: 7?? 05, 2025 8:35:30 ???? es.upv.mist.slicing.cli.Slicer slice
7月 05, 2025 8:35:30 下午 com.example.slicer.SliceExecutor executeSliceWithVariable
信息: Tool output: ???: Building the SDG
7月 05, 2025 8:35:30 下午 com.example.slicer.SliceExecutor executeSliceWithVariable
信息: Tool output: 7?? 05, 2025 8:35:30 ???? es.upv.mist.slicing.cli.Slicer slice
7月 05, 2025 8:35:30 下午 com.example.slicer.SliceExecutor executeSliceWithVariable
信息: Tool output: ???: Searching for criterion and slicing
7月 05, 2025 8:35:30 下午 com.example.slicer.SliceExecutor executeSliceWithVariable
信息: Tool output: 7?? 05, 2025 8:35:30 ???? es.upv.mist.slicing.cli.Slicer slice
7月 05, 2025 8:35:30 下午 com.example.slicer.SliceExecutor executeSliceWithVariable
信息: Tool output: ???: Printing slice to files
7月 05, 2025 8:35:30 下午 com.example.slicer.SliceExecutor executeSliceWithVariable
信息: Tool output: 7?? 05, 2025 8:35:30 ???? es.upv.mist.slicing.cli.Slicer slice
7月 05, 2025 8:35:30 下午 com.example.slicer.SliceExecutor executeSliceWithVariable
信息: Tool output: ???: Printing slice for Example_controlflow_1.java
7月 05, 2025 8:35:30 下午 com.example.slicer.SliceExecutor executeSliceWithVariable
信息: Starting slice execution for file: mutated\Example_mutated_2.java with variable: val1 at line: 26
7月 05, 2025 8:35:30 下午 com.example.slicer.SliceExecutor executeSliceWithVariable
信息: Using specified variable for slicing: val1 at line 26
7月 05, 2025 8:35:30 下午 com.example.slicer.SliceExecutor executeSliceWithVariable
信息: Executing command: java -jar src/main/java/sdg-cli-1.3.0-jar-with-dependencies.jar -c mutated\Example_mutated_2.java#26:val1
7月 05, 2025 8:35:30 下午 com.example.slicer.SliceExecutor executeSliceWithVariable
信息: Tool output: 7?? 05, 2025 8:35:30 ???? es.upv.mist.slicing.cli.Slicer slice
7月 05, 2025 8:35:30 下午 com.example.slicer.SliceExecutor executeSliceWithVariable
信息: Tool output: ???: Configuring JavaParser
7月 05, 2025 8:35:30 下午 com.example.slicer.SliceExecutor executeSliceWithVariable
信息: Tool output: 7?? 05, 2025 8:35:30 ???? es.upv.mist.slicing.cli.Slicer slice
7月 05, 2025 8:35:30 下午 com.example.slicer.SliceExecutor executeSliceWithVariable
信息: Tool output: ???: Parsing files
7月 05, 2025 8:35:30 下午 com.example.slicer.SliceExecutor executeSliceWithVariable
信息: Tool output: 7?? 05, 2025 8:35:30 ???? es.upv.mist.slicing.cli.Slicer slice
7月 05, 2025 8:35:30 下午 com.example.slicer.SliceExecutor executeSliceWithVariable
信息: Tool output: ???: Building the SDG
7月 05, 2025 8:35:31 下午 com.example.slicer.SliceExecutor executeSliceWithVariable
信息: Tool output: 7?? 05, 2025 8:35:31 ???? es.upv.mist.slicing.cli.Slicer slice
7月 05, 2025 8:35:31 下午 com.example.slicer.SliceExecutor executeSliceWithVariable
信息: Tool output: ???: Searching for criterion and slicing
7月 05, 2025 8:35:31 下午 com.example.slicer.SliceExecutor executeSliceWithVariable
信息: Tool output: 7?? 05, 2025 8:35:31 ???? es.upv.mist.slicing.cli.Slicer slice
7月 05, 2025 8:35:31 下午 com.example.slicer.SliceExecutor executeSliceWithVariable
信息: Tool output: ???: Printing slice to files
7月 05, 2025 8:35:31 下午 com.example.slicer.SliceExecutor executeSliceWithVariable
信息: Tool output: 7?? 05, 2025 8:35:31 ???? es.upv.mist.slicing.cli.Slicer slice
7月 05, 2025 8:35:31 下午 com.example.slicer.SliceExecutor executeSliceWithVariable
信息: Tool output: ???: Printing slice for Example_mutated_2.java
7月 05, 2025 8:35:31 下午 com.example.slicer.SliceExecutor executeSliceWithVariable
信息: Starting slice execution for file: controlflow\Example_controlflow_2.java with variable: val1 at line: 29
7月 05, 2025 8:35:31 下午 com.example.slicer.SliceExecutor executeSliceWithVariable
信息: Using specified variable for slicing: val1 at line 29
7月 05, 2025 8:35:31 下午 com.example.slicer.SliceExecutor executeSliceWithVariable
信息: Executing command: java -jar src/main/java/sdg-cli-1.3.0-jar-with-dependencies.jar -c controlflow\Example_controlflow_2.java#29:val1
7月 05, 2025 8:35:31 下午 com.example.slicer.SliceExecutor executeSliceWithVariable
信息: Tool output: 7?? 05, 2025 8:35:31 ???? es.upv.mist.slicing.cli.Slicer slice
7月 05, 2025 8:35:31 下午 com.example.slicer.SliceExecutor executeSliceWithVariable
信息: Tool output: ???: Configuring JavaParser
7月 05, 2025 8:35:31 下午 com.example.slicer.SliceExecutor executeSliceWithVariable
信息: Tool output: 7?? 05, 2025 8:35:31 ???? es.upv.mist.slicing.cli.Slicer slice
7月 05, 2025 8:35:31 下午 com.example.slicer.SliceExecutor executeSliceWithVariable
信息: Tool output: ???: Parsing files
7月 05, 2025 8:35:31 下午 com.example.slicer.SliceExecutor executeSliceWithVariable
信息: Tool output: 7?? 05, 2025 8:35:31 ???? es.upv.mist.slicing.cli.Slicer slice
7月 05, 2025 8:35:31 下午 com.example.slicer.SliceExecutor executeSliceWithVariable
信息: Tool output: ???: Building the SDG
7月 05, 2025 8:35:31 下午 com.example.slicer.SliceExecutor executeSliceWithVariable
信息: Tool output: 7?? 05, 2025 8:35:31 ???? es.upv.mist.slicing.cli.Slicer slice
7月 05, 2025 8:35:31 下午 com.example.slicer.SliceExecutor executeSliceWithVariable
信息: Tool output: ???: Searching for criterion and slicing
7月 05, 2025 8:35:31 下午 com.example.slicer.SliceExecutor executeSliceWithVariable
信息: Tool output: 7?? 05, 2025 8:35:31 ???? es.upv.mist.slicing.cli.Slicer slice
7月 05, 2025 8:35:31 下午 com.example.slicer.SliceExecutor executeSliceWithVariable
信息: Tool output: ???: Printing slice to files
7月 05, 2025 8:35:31 下午 com.example.slicer.SliceExecutor executeSliceWithVariable
信息: Tool output: 7?? 05, 2025 8:35:31 ???? es.upv.mist.slicing.cli.Slicer slice
7月 05, 2025 8:35:31 下午 com.example.slicer.SliceExecutor executeSliceWithVariable
信息: Tool output: ???: Printing slice for Example_controlflow_2.java
7月 05, 2025 8:35:32 下午 com.example.slicer.SliceExecutor executeSliceWithVariable
信息: Starting slice execution for file: mutated\Example_mutated_3.java with variable: val1 at line: 25
7月 05, 2025 8:35:32 下午 com.example.slicer.SliceExecutor executeSliceWithVariable
信息: Using specified variable for slicing: val1 at line 25
7月 05, 2025 8:35:32 下午 com.example.slicer.SliceExecutor executeSliceWithVariable
信息: Executing command: java -jar src/main/java/sdg-cli-1.3.0-jar-with-dependencies.jar -c mutated\Example_mutated_3.java#25:val1
7月 05, 2025 8:35:32 下午 com.example.slicer.SliceExecutor executeSliceWithVariable
信息: Tool output: 7?? 05, 2025 8:35:32 ???? es.upv.mist.slicing.cli.Slicer slice
7月 05, 2025 8:35:32 下午 com.example.slicer.SliceExecutor executeSliceWithVariable
信息: Tool output: ???: Configuring JavaParser
7月 05, 2025 8:35:32 下午 com.example.slicer.SliceExecutor executeSliceWithVariable
信息: Tool output: 7?? 05, 2025 8:35:32 ???? es.upv.mist.slicing.cli.Slicer slice
7月 05, 2025 8:35:32 下午 com.example.slicer.SliceExecutor executeSliceWithVariable
信息: Tool output: ???: Parsing files
7月 05, 2025 8:35:32 下午 com.example.slicer.SliceExecutor executeSliceWithVariable
信息: Tool output: 7?? 05, 2025 8:35:32 ???? es.upv.mist.slicing.cli.Slicer slice
7月 05, 2025 8:35:32 下午 com.example.slicer.SliceExecutor executeSliceWithVariable
信息: Tool output: ???: Building the SDG
7月 05, 2025 8:35:32 下午 com.example.slicer.SliceExecutor executeSliceWithVariable
信息: Tool output: 7?? 05, 2025 8:35:32 ???? es.upv.mist.slicing.cli.Slicer slice
7月 05, 2025 8:35:32 下午 com.example.slicer.SliceExecutor executeSliceWithVariable
信息: Tool output: ???: Searching for criterion and slicing
7月 05, 2025 8:35:32 下午 com.example.slicer.SliceExecutor executeSliceWithVariable
信息: Tool output: 7?? 05, 2025 8:35:32 ???? es.upv.mist.slicing.cli.Slicer slice
7月 05, 2025 8:35:32 下午 com.example.slicer.SliceExecutor executeSliceWithVariable
信息: Tool output: ???: Printing slice to files
7月 05, 2025 8:35:32 下午 com.example.slicer.SliceExecutor executeSliceWithVariable
信息: Tool output: 7?? 05, 2025 8:35:32 ???? es.upv.mist.slicing.cli.Slicer slice
7月 05, 2025 8:35:32 下午 com.example.slicer.SliceExecutor executeSliceWithVariable
信息: Tool output: ???: Printing slice for Example_mutated_3.java
7月 05, 2025 8:35:32 下午 com.example.slicer.SliceExecutor executeSliceWithVariable
信息: Starting slice execution for file: controlflow\Example_controlflow_3.java with variable: val1 at line: 28
7月 05, 2025 8:35:32 下午 com.example.slicer.SliceExecutor executeSliceWithVariable
信息: Using specified variable for slicing: val1 at line 28
7月 05, 2025 8:35:32 下午 com.example.slicer.SliceExecutor executeSliceWithVariable
信息: Executing command: java -jar src/main/java/sdg-cli-1.3.0-jar-with-dependencies.jar -c controlflow\Example_controlflow_3.java#28:val1
7月 05, 2025 8:35:33 下午 com.example.slicer.SliceExecutor executeSliceWithVariable
信息: Tool output: 7?? 05, 2025 8:35:33 ???? es.upv.mist.slicing.cli.Slicer slice
7月 05, 2025 8:35:33 下午 com.example.slicer.SliceExecutor executeSliceWithVariable
信息: Tool output: ???: Configuring JavaParser
7月 05, 2025 8:35:33 下午 com.example.slicer.SliceExecutor executeSliceWithVariable
信息: Tool output: 7?? 05, 2025 8:35:33 ???? es.upv.mist.slicing.cli.Slicer slice
7月 05, 2025 8:35:33 下午 com.example.slicer.SliceExecutor executeSliceWithVariable
信息: Tool output: ???: Parsing files
7月 05, 2025 8:35:33 下午 com.example.slicer.SliceExecutor executeSliceWithVariable
信息: Tool output: 7?? 05, 2025 8:35:33 ???? es.upv.mist.slicing.cli.Slicer slice
7月 05, 2025 8:35:33 下午 com.example.slicer.SliceExecutor executeSliceWithVariable
信息: Tool output: ???: Building the SDG
7月 05, 2025 8:35:33 下午 com.example.slicer.SliceExecutor executeSliceWithVariable
信息: Tool output: 7?? 05, 2025 8:35:33 ???? es.upv.mist.slicing.cli.Slicer slice
7月 05, 2025 8:35:33 下午 com.example.slicer.SliceExecutor executeSliceWithVariable
信息: Tool output: ???: Searching for criterion and slicing
7月 05, 2025 8:35:33 下午 com.example.slicer.SliceExecutor executeSliceWithVariable
信息: Tool output: 7?? 05, 2025 8:35:33 ???? es.upv.mist.slicing.cli.Slicer slice
7月 05, 2025 8:35:33 下午 com.example.slicer.SliceExecutor executeSliceWithVariable
信息: Tool output: ???: Printing slice to files
7月 05, 2025 8:35:33 下午 com.example.slicer.SliceExecutor executeSliceWithVariable
信息: Tool output: 7?? 05, 2025 8:35:33 ???? es.upv.mist.slicing.cli.Slicer slice
7月 05, 2025 8:35:33 下午 com.example.slicer.SliceExecutor executeSliceWithVariable
信息: Tool output: ???: Printing slice for Example_controlflow_3.java
7月 05, 2025 8:35:33 下午 com.example.slicer.SliceExecutor executeSliceWithVariable
信息: Starting slice execution for file: mutated\Example_mutated_4.java with variable: val1 at line: 24
7月 05, 2025 8:35:33 下午 com.example.slicer.SliceExecutor executeSliceWithVariable
信息: Using specified variable for slicing: val1 at line 24
7月 05, 2025 8:35:33 下午 com.example.slicer.SliceExecutor executeSliceWithVariable
信息: Executing command: java -jar src/main/java/sdg-cli-1.3.0-jar-with-dependencies.jar -c mutated\Example_mutated_4.java#24:val1
7月 05, 2025 8:35:34 下午 com.example.slicer.SliceExecutor executeSliceWithVariable
信息: Tool output: 7?? 05, 2025 8:35:34 ???? es.upv.mist.slicing.cli.Slicer slice
7月 05, 2025 8:35:34 下午 com.example.slicer.SliceExecutor executeSliceWithVariable
信息: Tool output: ???: Configuring JavaParser
7月 05, 2025 8:35:34 下午 com.example.slicer.SliceExecutor executeSliceWithVariable
信息: Tool output: 7?? 05, 2025 8:35:34 ???? es.upv.mist.slicing.cli.Slicer slice
7月 05, 2025 8:35:34 下午 com.example.slicer.SliceExecutor executeSliceWithVariable
信息: Tool output: ???: Parsing files
7月 05, 2025 8:35:34 下午 com.example.slicer.SliceExecutor executeSliceWithVariable
信息: Tool output: 7?? 05, 2025 8:35:34 ???? es.upv.mist.slicing.cli.Slicer slice
7月 05, 2025 8:35:34 下午 com.example.slicer.SliceExecutor executeSliceWithVariable
信息: Tool output: ???: Building the SDG
7月 05, 2025 8:35:34 下午 com.example.slicer.SliceExecutor executeSliceWithVariable
信息: Tool output: 7?? 05, 2025 8:35:34 ???? es.upv.mist.slicing.cli.Slicer slice
7月 05, 2025 8:35:34 下午 com.example.slicer.SliceExecutor executeSliceWithVariable
信息: Tool output: ???: Searching for criterion and slicing
7月 05, 2025 8:35:34 下午 com.example.slicer.SliceExecutor executeSliceWithVariable
信息: Tool output: 7?? 05, 2025 8:35:34 ???? es.upv.mist.slicing.cli.Slicer slice
7月 05, 2025 8:35:34 下午 com.example.slicer.SliceExecutor executeSliceWithVariable
信息: Tool output: ???: Printing slice to files
7月 05, 2025 8:35:34 下午 com.example.slicer.SliceExecutor executeSliceWithVariable
信息: Tool output: 7?? 05, 2025 8:35:34 ???? es.upv.mist.slicing.cli.Slicer slice
7月 05, 2025 8:35:34 下午 com.example.slicer.SliceExecutor executeSliceWithVariable
信息: Tool output: ???: Printing slice for Example_mutated_4.java
7月 05, 2025 8:35:34 下午 com.example.slicer.SliceExecutor executeSliceWithVariable
信息: Starting slice execution for file: controlflow\Example_controlflow_4.java with variable: val1 at line: 27
7月 05, 2025 8:35:34 下午 com.example.slicer.SliceExecutor executeSliceWithVariable
信息: Using specified variable for slicing: val1 at line 27
7月 05, 2025 8:35:34 下午 com.example.slicer.SliceExecutor executeSliceWithVariable
信息: Executing command: java -jar src/main/java/sdg-cli-1.3.0-jar-with-dependencies.jar -c controlflow\Example_controlflow_4.java#27:val1
7月 05, 2025 8:35:34 下午 com.example.slicer.SliceExecutor executeSliceWithVariable
信息: Tool output: 7?? 05, 2025 8:35:34 ???? es.upv.mist.slicing.cli.Slicer slice
7月 05, 2025 8:35:34 下午 com.example.slicer.SliceExecutor executeSliceWithVariable
信息: Tool output: ???: Configuring JavaParser
7月 05, 2025 8:35:34 下午 com.example.slicer.SliceExecutor executeSliceWithVariable
信息: Tool output: 7?? 05, 2025 8:35:34 ???? es.upv.mist.slicing.cli.Slicer slice
7月 05, 2025 8:35:34 下午 com.example.slicer.SliceExecutor executeSliceWithVariable
信息: Tool output: ???: Parsing files
7月 05, 2025 8:35:35 下午 com.example.slicer.SliceExecutor executeSliceWithVariable
信息: Tool output: 7?? 05, 2025 8:35:35 ???? es.upv.mist.slicing.cli.Slicer slice
7月 05, 2025 8:35:35 下午 com.example.slicer.SliceExecutor executeSliceWithVariable
信息: Tool output: ???: Building the SDG
7月 05, 2025 8:35:35 下午 com.example.slicer.SliceExecutor executeSliceWithVariable
信息: Tool output: 7?? 05, 2025 8:35:35 ???? es.upv.mist.slicing.cli.Slicer slice
7月 05, 2025 8:35:35 下午 com.example.slicer.SliceExecutor executeSliceWithVariable
信息: Tool output: ???: Searching for criterion and slicing
7月 05, 2025 8:35:35 下午 com.example.slicer.SliceExecutor executeSliceWithVariable
信息: Tool output: 7?? 05, 2025 8:35:35 ???? es.upv.mist.slicing.cli.Slicer slice
7月 05, 2025 8:35:35 下午 com.example.slicer.SliceExecutor executeSliceWithVariable
信息: Tool output: ???: Printing slice to files
7月 05, 2025 8:35:35 下午 com.example.slicer.SliceExecutor executeSliceWithVariable
信息: Tool output: 7?? 05, 2025 8:35:35 ???? es.upv.mist.slicing.cli.Slicer slice
7月 05, 2025 8:35:35 下午 com.example.slicer.SliceExecutor executeSliceWithVariable
信息: Tool output: ???: Printing slice for Example_controlflow_4.java
